app/build/intermediates/manifest_merge_blame_file/debug/manifest-merger-blame-debug-report.txt
1<?xml version="1.0" encoding="utf-8"?>
2<manifest xmlns:android="http://schemas.android.com/apk/res/android"
3    package="com.loc.newsapp"
4    android:versionCode="1"
5    android:versionName="1.0" >
6
7    <uses-sdk
8        android:minSdkVersion="24"
8-->src\main\AndroidManifest.xml
9        android:targetSdkVersion="33" />
9-->src\main\AndroidManifest.xml
10
11    <uses-permission android:name="android.permission.INTERNET" />
11-->src\main\AndroidManifest.xml:4:5-66
11-->src\main\AndroidManifest.xml:4:22-64
12
13    <queries>
13-->src\main\AndroidManifest.xml:29:5-38:15
14        <intent>
14-->src\main\AndroidManifest.xml:30:9-34:18
15            <action android:name="android.intent.action.VIEW" />
15-->src\main\AndroidManifest.xml:31:13-65
15-->src\main\AndroidManifest.xml:31:21-62
16
17            <category android:name="android.intent.category.BROWSABLE" />
17-->src\main\AndroidManifest.xml:32:13-74
17-->src\main\AndroidManifest.xml:32:23-71
18
19            <data android:scheme="https" />
19-->src\main\AndroidManifest.xml:33:13-44
19-->src\main\AndroidManifest.xml:33:19-41
20        </intent>
21        <intent>
21-->src\main\AndroidManifest.xml:35:9-37:18
22            <action android:name="android.intent.action.SEND" />
22-->src\main\AndroidManifest.xml:36:13-64
22-->src\main\AndroidManifest.xml:36:21-62
23        </intent>
24    </queries>
25
26    <permission
26-->[androidx.core:core:1.11.0-beta02] AndroidManifest.xml:22:5-24:47
27        android:name="com.loc.newsapp.DYNAMIC_RECEIVER_NOT_EXPORTED_PERMISSION"
27-->[androidx.core:core:1.11.0-beta02] AndroidManifest.xml:23:9-81
28        android:protectionLevel="signature" />
28-->[androidx.core:core:1.11.0-beta02] AndroidManifest.xml:24:9-44
29
30    <uses-permission android:name="com.loc.newsapp.DYNAMIC_RECEIVER_NOT_EXPORTED_PERMISSION" />
30-->[androidx.core:core:1.11.0-beta02] AndroidManifest.xml:26:5-97
30-->[androidx.core:core:1.11.0-beta02] AndroidManifest.xml:26:22-94
31
32    <application
32-->src\main\AndroidManifest.xml:5:5-28:19
33        android:name="com.loc.newsapp.NewsApplication"
33-->src\main\AndroidManifest.xml:7:9-40
34        android:allowBackup="true"
34-->src\main\AndroidManifest.xml:8:9-35
35        android:appComponentFactory="androidx.core.app.CoreComponentFactory"
35-->[androidx.core:core:1.11.0-beta02] AndroidManifest.xml:28:18-86
36        android:dataExtractionRules="@xml/data_extraction_rules"
36-->src\main\AndroidManifest.xml:9:9-65
37        android:debuggable="true"
38        android:extractNativeLibs="false"
39        android:fullBackupContent="@xml/backup_rules"
39-->src\main\AndroidManifest.xml:10:9-54
40        android:icon="@mipmap/ic_launcher"
40-->src\main\AndroidManifest.xml:11:9-43
41        android:label="@string/app_name"
41-->src\main\AndroidManifest.xml:12:9-41
42        android:roundIcon="@mipmap/ic_launcher_round"
42-->src\main\AndroidManifest.xml:13:9-54
43        android:supportsRtl="true"
43-->src\main\AndroidManifest.xml:14:9-35
44        android:testOnly="true"
45        android:theme="@style/App.Starting.Theme"
45-->src\main\AndroidManifest.xml:15:9-50
46        android:usesCleartextTraffic="true" >
46-->src\main\AndroidManifest.xml:6:9-44
47        <activity
47-->src\main\AndroidManifest.xml:17:9-27:20
48            android:name="com.loc.newsapp.presentation.mainActivity.MainActivity"
48-->src\main\AndroidManifest.xml:18:13-67
49            android:exported="true"
49-->src\main\AndroidManifest.xml:19:13-36
50            android:label="@string/app_name"
50-->src\main\AndroidManifest.xml:20:13-45
51            android:theme="@style/App.Starting.Theme" >
51-->src\main\AndroidManifest.xml:21:13-54
52            <intent-filter>
52-->src\main\AndroidManifest.xml:22:13-26:29
53                <action android:name="android.intent.action.MAIN" />
53-->src\main\AndroidManifest.xml:23:17-69
53-->src\main\AndroidManifest.xml:23:25-66
54
55                <category android:name="android.intent.category.LAUNCHER" />
55-->src\main\AndroidManifest.xml:25:17-77
55-->src\main\AndroidManifest.xml:25:27-74
56            </intent-filter>
57        </activity>
58
59        <service
59-->[androidx.room:room-runtime:2.5.2] AndroidManifest.xml:24:9-28:63
60            android:name="androidx.room.MultiInstanceInvalidationService"
60-->[androidx.room:room-runtime:2.5.2] AndroidManifest.xml:25:13-74
61            android:directBootAware="true"
61-->[androidx.room:room-runtime:2.5.2] AndroidManifest.xml:26:13-43
62            android:exported="false" />
62-->[androidx.room:room-runtime:2.5.2] AndroidManifest.xml:27:13-37
63
64        <activity
64-->[androidx.compose.ui:ui-test-manifest:1.5.0-beta02] AndroidManifest.xml:23:9-25:39
65            android:name="androidx.activity.ComponentActivity"
65-->[androidx.compose.ui:ui-test-manifest:1.5.0-beta02] AndroidManifest.xml:24:13-63
66            android:exported="true" />
66-->[androidx.compose.ui:ui-test-manifest:1.5.0-beta02] AndroidManifest.xml:25:13-36
67        <activity
67-->[androidx.compose.ui:ui-tooling-android:1.5.0-beta02] AndroidManifest.xml:23:9-25:39
68            android:name="androidx.compose.ui.tooling.PreviewActivity"
68-->[androidx.compose.ui:ui-tooling-android:1.5.0-beta02] AndroidManifest.xml:24:13-71
69            android:exported="true" />
69-->[androidx.compose.ui:ui-tooling-android:1.5.0-beta02] AndroidManifest.xml:25:13-36
70
71        <provider
71-->[androidx.emoji2:emoji2:1.4.0-beta05] AndroidManifest.xml:24:9-32:20
72            android:name="androidx.startup.InitializationProvider"
72-->[androidx.emoji2:emoji2:1.4.0-beta05] AndroidManifest.xml:25:13-67
73            android:authorities="com.loc.newsapp.androidx-startup"
73-->[androidx.emoji2:emoji2:1.4.0-beta05] AndroidManifest.xml:26:13-68
74            android:exported="false" >
74-->[androidx.emoji2:emoji2:1.4.0-beta05] AndroidManifest.xml:27:13-37
75            <meta-data
75-->[androidx.emoji2:emoji2:1.4.0-beta05] AndroidManifest.xml:29:13-31:52
76                android:name="androidx.emoji2.text.EmojiCompatInitializer"
76-->[androidx.emoji2:emoji2:1.4.0-beta05] AndroidManifest.xml:30:17-75
77                android:value="androidx.startup" />
77-->[androidx.emoji2:emoji2:1.4.0-beta05] AndroidManifest.xml:31:17-49
78            <meta-data
78-->[androidx.lifecycle:lifecycle-process:2.6.1] AndroidManifest.xml:29:13-31:52
79                android:name="androidx.lifecycle.ProcessLifecycleInitializer"
79-->[androidx.lifecycle:lifecycle-process:2.6.1] AndroidManifest.xml:30:17-78
80                android:value="androidx.startup" />
80-->[androidx.lifecycle:lifecycle-process:2.6.1] AndroidManifest.xml:31:17-49
81            <meta-data
81-->[androidx.profileinstaller:profileinstaller:1.3.1] AndroidManifest.xml:29:13-31:52
82                android:name="androidx.profileinstaller.ProfileInstallerInitializer"
82-->[androidx.profileinstaller:profileinstaller:1.3.1] AndroidManifest.xml:30:17-85
83                android:value="androidx.startup" />
83-->[androidx.profileinstaller:profileinstaller:1.3.1] AndroidManifest.xml:31:17-49
84        </provider>
85
86        <receiver
86-->[androidx.profileinstaller:profileinstaller:1.3.1] AndroidManifest.xml:34:9-52:20
87            android:name="androidx.profileinstaller.ProfileInstallReceiver"
87-->[androidx.profileinstaller:profileinstaller:1.3.1] AndroidManifest.xml:35:13-76
88            android:directBootAware="false"
88-->[androidx.profileinstaller:profileinstaller:1.3.1] AndroidManifest.xml:36:13-44
89            android:enabled="true"
89-->[androidx.profileinstaller:profileinstaller:1.3.1] AndroidManifest.xml:37:13-35
90            android:exported="true"
90-->[androidx.profileinstaller:profileinstaller:1.3.1] AndroidManifest.xml:38:13-36
91            android:permission="android.permission.DUMP" >
91-->[androidx.profileinstaller:profileinstaller:1.3.1] AndroidManifest.xml:39:13-57
92            <intent-filter>
92-->[androidx.profileinstaller:profileinstaller:1.3.1] AndroidManifest.xml:40:13-42:29
93                <action android:name="androidx.profileinstaller.action.INSTALL_PROFILE" />
93-->[androidx.profileinstaller:profileinstaller:1.3.1] AndroidManifest.xml:41:17-91
93-->[androidx.profileinstaller:profileinstaller:1.3.1] AndroidManifest.xml:41:25-88
94            </intent-filter>
95            <intent-filter>
95-->[androidx.profileinstaller:profileinstaller:1.3.1] AndroidManifest.xml:43:13-45:29
96                <action android:name="androidx.profileinstaller.action.SKIP_FILE" />
96-->[androidx.profileinstaller:profileinstaller:1.3.1] AndroidManifest.xml:44:17-85
96-->[androidx.profileinstaller:profileinstaller:1.3.1] AndroidManifest.xml:44:25-82
97            </intent-filter>
98            <intent-filter>
98-->[androidx.profileinstaller:profileinstaller:1.3.1] AndroidManifest.xml:46:13-48:29
99                <action android:name="androidx.profileinstaller.action.SAVE_PROFILE" />
99-->[androidx.profileinstaller:profileinstaller:1.3.1] AndroidManifest.xml:47:17-88
99-->[androidx.profileinstaller:profileinstaller:1.3.1] AndroidManifest.xml:47:25-85
100            </intent-filter>
101            <intent-filter>
101-->[androidx.profileinstaller:profileinstaller:1.3.1] AndroidManifest.xml:49:13-51:29
102                <action android:name="androidx.profileinstaller.action.BENCHMARK_OPERATION" />
102-->[androidx.profileinstaller:profileinstaller:1.3.1] AndroidManifest.xml:50:17-95
102-->[androidx.profileinstaller:profileinstaller:1.3.1] AndroidManifest.xml:50:25-92
103            </intent-filter>
104        </receiver>
105    </application>
106
107</manifest>